[framework] 2016-07-03 08:07:47,382 - org.hibernate.cfg.Environment -0    [360.ming-soft.com-startStop-1] INFO  org.hibernate.cfg.Environment  - Hibernate 3.2.3
[framework] 2016-07-03 08:07:47,411 - org.hibernate.cfg.Environment -29   [360.ming-soft.com-startStop-1] INFO  org.hibernate.cfg.Environment  - hibernate.properties not found
[framework] 2016-07-03 08:07:47,415 - org.hibernate.cfg.Environment -33   [360.ming-soft.com-startStop-1] INFO  org.hibernate.cfg.Environment  - Bytecode provider name : cglib
[framework] 2016-07-03 08:07:47,431 - org.hibernate.cfg.Environment -49   [360.ming-soft.com-startStop-1] INFO  org.hibernate.cfg.Environment  - using JDK 1.4 java.sql.Timestamp handling
[framework] 2016-07-03 08:07:47,811 - org.hibernate.cfg.HbmBinder -429  [360.ming-soft.com-startStop-1] INFO  org.hibernate.cfg.HbmBinder  - Mapping class: com.mingsoft.user.entity.UserObject -> user
[framework] 2016-07-03 08:07:47,889 - org.hibernate.cfg.HbmBinder -507  [360.ming-soft.com-startStop-1] INFO  org.hibernate.cfg.HbmBinder  - Mapping class: com.mingsoft.user.entity.UserBasicObject -> user_expand_basic
[framework] 2016-07-03 08:07:47,919 - org.hibernate.cfg.HbmBinder -537  [360.ming-soft.com-startStop-1] INFO  org.hibernate.cfg.HbmBinder  - Mapping class: com.mingsoft.user.entity.UserHonorObject -> user_expand_honor
[framework] 2016-07-03 08:07:47,951 - org.hibernate.cfg.HbmBinder -569  [360.ming-soft.com-startStop-1] INFO  org.hibernate.cfg.HbmBinder  - Mapping class: com.mingsoft.project.entity.ProjectObject -> project
[framework] 2016-07-03 08:07:47,990 - org.hibernate.cfg.HbmBinder -608  [360.ming-soft.com-startStop-1] INFO  org.hibernate.cfg.HbmBinder  - Mapping class: com.mingsoft.project.entity.PartnerObject -> project_expand_partner
[framework] 2016-07-03 08:07:48,258 - org.hibernate.cfg.HbmBinder -876  [360.ming-soft.com-startStop-1] INFO  org.hibernate.cfg.HbmBinder  - Mapping class: com.mingsoft.project.entity.AttachmentObject -> project_extand_attachment
[framework] 2016-07-03 08:07:48,370 - org.hibernate.cfg.HbmBinder -988  [360.ming-soft.com-startStop-1] INFO  org.hibernate.cfg.HbmBinder  - Mapping class: com.mingsoft.project.entity.SceneObject -> scene
[framework] 2016-07-03 08:07:48,423 - org.hibernate.cfg.HbmBinder -1041 [360.ming-soft.com-startStop-1] INFO  org.hibernate.cfg.HbmBinder  - Mapping class: com.mingsoft.project.entity.HotspotObject -> scene_hotspot
[framework] 2016-07-03 08:07:48,481 - org.hibernate.cfg.HbmBinder -1099 [360.ming-soft.com-startStop-1] INFO  org.hibernate.cfg.HbmBinder  - Mapping class: com.mingsoft.apply.entity.ApplyObject -> apply
[framework] 2016-07-03 08:07:48,518 - org.hibernate.cfg.HbmBinder -1136 [360.ming-soft.com-startStop-1] INFO  org.hibernate.cfg.HbmBinder  - Mapping class: com.mingsoft.project.entity.ProductObject -> product
[framework] 2016-07-03 08:07:48,522 - org.hibernate.cfg.HbmBinder -1140 [360.ming-soft.com-startStop-1] INFO  org.hibernate.cfg.HbmBinder  - Mapping collection: com.mingsoft.project.entity.ProjectObject.scenes -> scene
[framework] 2016-07-03 08:07:48,525 - org.hibernate.cfg.HbmBinder -1143 [360.ming-soft.com-startStop-1] INFO  org.hibernate.cfg.HbmBinder  - Mapping collection: com.mingsoft.project.entity.SceneObject.hotspots -> scene_hotspot
[framework] 2016-07-03 08:07:48,543 - org.hibernate.connection.ConnectionProviderFactory -1161 [360.ming-soft.com-startStop-1] INFO  org.hibernate.connection.ConnectionProviderFactory  - Initializing connection provider: org.springframework.orm.hibernate3.LocalDataSourceConnectionProvider
[framework] 2016-07-03 08:07:48,912 - org.hibernate.cfg.SettingsFactory -1530 [360.ming-soft.com-startStop-1] INFO  org.hibernate.cfg.SettingsFactory  - RDBMS: MySQL, version: 5.1.31-log
[framework] 2016-07-03 08:07:48,912 - org.hibernate.cfg.SettingsFactory -1530 [360.ming-soft.com-startStop-1] INFO  org.hibernate.cfg.SettingsFactory  - JDBC driver: MySQL-AB JDBC Driver, version: mysql-connector-java-5.0.6 ( $Date: 2007-03-09 22:13:57 +0100 (Fri, 09 Mar 2007) $, $Revision: 6341 $ )
[framework] 2016-07-03 08:07:48,971 - org.hibernate.dialect.Dialect -1589 [360.ming-soft.com-startStop-1] INFO  org.hibernate.dialect.Dialect  - Using dialect: org.hibernate.dialect.MySQLDialect
[framework] 2016-07-03 08:07:48,981 - org.hibernate.transaction.TransactionFactoryFactory -1599 [360.ming-soft.com-startStop-1] INFO  org.hibernate.transaction.TransactionFactoryFactory  - Using default transaction strategy (direct JDBC transactions)
[framework] 2016-07-03 08:07:48,984 - org.hibernate.transaction.TransactionManagerLookupFactory -1602 [360.ming-soft.com-startStop-1] INFO  org.hibernate.transaction.TransactionManagerLookupFactory  - No TransactionManagerLookup configured (in JTA environment, use of read-write or transactional second-level cache is not recommended)
[framework] 2016-07-03 08:07:48,984 - org.hibernate.cfg.SettingsFactory -1602 [360.ming-soft.com-startStop-1] INFO  org.hibernate.cfg.SettingsFactory  - Automatic flush during beforeCompletion(): disabled
[framework] 2016-07-03 08:07:48,985 - org.hibernate.cfg.SettingsFactory -1603 [360.ming-soft.com-startStop-1] INFO  org.hibernate.cfg.SettingsFactory  - Automatic session close at end of transaction: disabled
[framework] 2016-07-03 08:07:48,985 - org.hibernate.cfg.SettingsFactory -1603 [360.ming-soft.com-startStop-1] INFO  org.hibernate.cfg.SettingsFactory  - JDBC batch size: 15
[framework] 2016-07-03 08:07:48,985 - org.hibernate.cfg.SettingsFactory -1603 [360.ming-soft.com-startStop-1] INFO  org.hibernate.cfg.SettingsFactory  - JDBC batch updates for versioned data: disabled
[framework] 2016-07-03 08:07:48,987 - org.hibernate.cfg.SettingsFactory -1605 [360.ming-soft.com-startStop-1] INFO  org.hibernate.cfg.SettingsFactory  - Scrollable result sets: enabled
[framework] 2016-07-03 08:07:48,987 - org.hibernate.cfg.SettingsFactory -1605 [360.ming-soft.com-startStop-1] INFO  org.hibernate.cfg.SettingsFactory  - JDBC3 getGeneratedKeys(): enabled
[framework] 2016-07-03 08:07:48,987 - org.hibernate.cfg.SettingsFactory -1605 [360.ming-soft.com-startStop-1] INFO  org.hibernate.cfg.SettingsFactory  - Connection release mode: on_close
[framework] 2016-07-03 08:07:48,987 - org.hibernate.cfg.SettingsFactory -1605 [360.ming-soft.com-startStop-1] INFO  org.hibernate.cfg.SettingsFactory  - Maximum outer join fetch depth: 2
[framework] 2016-07-03 08:07:48,987 - org.hibernate.cfg.SettingsFactory -1605 [360.ming-soft.com-startStop-1] INFO  org.hibernate.cfg.SettingsFactory  - Default batch fetch size: 1
[framework] 2016-07-03 08:07:48,988 - org.hibernate.cfg.SettingsFactory -1606 [360.ming-soft.com-startStop-1] INFO  org.hibernate.cfg.SettingsFactory  - Generate SQL with comments: disabled
[framework] 2016-07-03 08:07:48,988 - org.hibernate.cfg.SettingsFactory -1606 [360.ming-soft.com-startStop-1] INFO  org.hibernate.cfg.SettingsFactory  - Order SQL updates by primary key: disabled
[framework] 2016-07-03 08:07:48,988 - org.hibernate.cfg.SettingsFactory -1606 [360.ming-soft.com-startStop-1] INFO  org.hibernate.cfg.SettingsFactory  - Query translator: org.hibernate.hql.ast.ASTQueryTranslatorFactory
[framework] 2016-07-03 08:07:48,993 - org.hibernate.hql.ast.ASTQueryTranslatorFactory -1611 [360.ming-soft.com-startStop-1] INFO  org.hibernate.hql.ast.ASTQueryTranslatorFactory  - Using ASTQueryTranslatorFactory
[framework] 2016-07-03 08:07:48,993 - org.hibernate.cfg.SettingsFactory -1611 [360.ming-soft.com-startStop-1] INFO  org.hibernate.cfg.SettingsFactory  - Query language substitutions: {}
[framework] 2016-07-03 08:07:48,993 - org.hibernate.cfg.SettingsFactory -1611 [360.ming-soft.com-startStop-1] INFO  org.hibernate.cfg.SettingsFactory  - JPA-QL strict compliance: disabled
[framework] 2016-07-03 08:07:48,993 - org.hibernate.cfg.SettingsFactory -1611 [360.ming-soft.com-startStop-1] INFO  org.hibernate.cfg.SettingsFactory  - Second-level cache: enabled
[framework] 2016-07-03 08:07:48,994 - org.hibernate.cfg.SettingsFactory -1612 [360.ming-soft.com-startStop-1] INFO  org.hibernate.cfg.SettingsFactory  - Query cache: disabled
[framework] 2016-07-03 08:07:48,994 - org.hibernate.cfg.SettingsFactory -1612 [360.ming-soft.com-startStop-1] INFO  org.hibernate.cfg.SettingsFactory  - Cache provider: org.hibernate.cache.NoCacheProvider
[framework] 2016-07-03 08:07:48,994 - org.hibernate.cfg.SettingsFactory -1612 [360.ming-soft.com-startStop-1] INFO  org.hibernate.cfg.SettingsFactory  - Optimize cache for minimal puts: disabled
[framework] 2016-07-03 08:07:49,006 - org.hibernate.cfg.SettingsFactory -1624 [360.ming-soft.com-startStop-1] INFO  org.hibernate.cfg.SettingsFactory  - Structured second-level cache entries: disabled
[framework] 2016-07-03 08:07:49,016 - org.hibernate.cfg.SettingsFactory -1634 [360.ming-soft.com-startStop-1] INFO  org.hibernate.cfg.SettingsFactory  - Echoing all SQL to stdout
[framework] 2016-07-03 08:07:49,016 - org.hibernate.cfg.SettingsFactory -1634 [360.ming-soft.com-startStop-1] INFO  org.hibernate.cfg.SettingsFactory  - Statistics: disabled
[framework] 2016-07-03 08:07:49,016 - org.hibernate.cfg.SettingsFactory -1634 [360.ming-soft.com-startStop-1] INFO  org.hibernate.cfg.SettingsFactory  - Deleted entity synthetic identifier rollback: disabled
[framework] 2016-07-03 08:07:49,017 - org.hibernate.cfg.SettingsFactory -1635 [360.ming-soft.com-startStop-1] INFO  org.hibernate.cfg.SettingsFactory  - Default entity-mode: pojo
[framework] 2016-07-03 08:07:49,017 - org.hibernate.cfg.SettingsFactory -1635 [360.ming-soft.com-startStop-1] INFO  org.hibernate.cfg.SettingsFactory  - Named query checking : enabled
[framework] 2016-07-03 08:07:49,134 - org.hibernate.impl.SessionFactoryImpl -1752 [360.ming-soft.com-startStop-1] INFO  org.hibernate.impl.SessionFactoryImpl  - building session factory
[framework] 2016-07-03 08:07:49,745 - org.hibernate.impl.SessionFactoryObjectFactory -2363 [360.ming-soft.com-startStop-1] INFO  org.hibernate.impl.SessionFactoryObjectFactory  - Not binding factory to JNDI, no JNDI name configured
